<?xml version="1.0" encoding="UTF-8"?>
<!-- Generated by org.testng.reporters.JUnitXMLReporter -->
<testsuite ignored="0" hostname="Anushas-MacBook-Pro.local" failures="4" tests="57" name="Default test" time="15.708" errors="0" timestamp="2024-03-31T21:55:43 EDT">
  <testcase classname="io.cucumber.testng.AbstractTestNGCucumberTests" name="runScenario" time="1.72"/>
  <testcase classname="io.cucumber.testng.AbstractTestNGCucumberTests" name="runScenario" time="0.474"/>
  <testcase classname="io.cucumber.testng.AbstractTestNGCucumberTests" name="runScenario" time="0.636"/>
  <testcase classname="io.cucumber.testng.AbstractTestNGCucumberTests" name="runScenario" time="0.682"/>
  <testcase classname="io.cucumber.testng.AbstractTestNGCucumberTests" name="runScenario" time="0.182"/>
  <testcase classname="io.cucumber.testng.AbstractTestNGCucumberTests" name="runScenario" time="0.179"/>
  <testcase classname="io.cucumber.testng.AbstractTestNGCucumberTests" name="runScenario" time="0.573"/>
  <testcase classname="io.cucumber.testng.AbstractTestNGCucumberTests" name="runScenario" time="0.505"/>
  <testcase classname="io.cucumber.testng.AbstractTestNGCucumberTests" name="runScenario" time="0.144"/>
  <testcase classname="io.cucumber.testng.AbstractTestNGCucumberTests" name="runScenario" time="0.149"/>
  <testcase classname="io.cucumber.testng.AbstractTestNGCucumberTests" name="runScenario" time="0.145"/>
  <testcase classname="io.cucumber.testng.AbstractTestNGCucumberTests" name="runScenario" time="0.147"/>
  <testcase classname="io.cucumber.testng.AbstractTestNGCucumberTests" name="runScenario" time="0.152"/>
  <testcase classname="io.cucumber.testng.AbstractTestNGCucumberTests" name="runScenario" time="0.165"/>
  <testcase classname="io.cucumber.testng.AbstractTestNGCucumberTests" name="runScenario" time="0.425">
    <failure type="java.lang.AssertionError" message="expected:&amp;lt;400&amp;gt; but was:&amp;lt;201&amp;gt;">
      <![CDATA[java.lang.AssertionError: expected:<400> but was:<201>
at org.junit.Assert.fail(Assert.java:93)
at org.junit.Assert.failNotEquals(Assert.java:647)
at org.junit.Assert.assertEquals(Assert.java:128)
at org.junit.Assert.assertEquals(Assert.java:472)
at utilities_team08.CommonValidation.statusValidations(CommonValidation.java:69)
at step_definition_team08.UserModuleStepDefinition.admin_receives_bad_request_status_with_message_and_boolean_success_details(UserModuleStepDefinition.java:275)
at ✽.Admin receives 400 Bad Request Status with message and boolean success details(file:///Users/anushakarthick/NumpyNinja/Team_08_APIArchitects_RestAssured/src/test/resources/features/User_Module.feature:42)
]]>
    </failure>
  </testcase> <!-- runScenario -->
  <testcase classname="io.cucumber.testng.AbstractTestNGCucumberTests" name="runScenario" time="0.456">
    <failure type="java.lang.AssertionError" message="expected:&amp;lt;400&amp;gt; but was:&amp;lt;201&amp;gt;">
      <![CDATA[java.lang.AssertionError: expected:<400> but was:<201>
at org.junit.Assert.fail(Assert.java:93)
at org.junit.Assert.failNotEquals(Assert.java:647)
at org.junit.Assert.assertEquals(Assert.java:128)
at org.junit.Assert.assertEquals(Assert.java:472)
at utilities_team08.CommonValidation.statusValidations(CommonValidation.java:69)
at step_definition_team08.UserModuleStepDefinition.admin_receives_bad_request_status_with_message_and_boolean_success_details(UserModuleStepDefinition.java:275)
at ✽.Admin receives 400 Bad Request Status with message and boolean success details(file:///Users/anushakarthick/NumpyNinja/Team_08_APIArchitects_RestAssured/src/test/resources/features/User_Module.feature:42)
]]>
    </failure>
  </testcase> <!-- runScenario -->
  <testcase classname="io.cucumber.testng.AbstractTestNGCucumberTests" name="runScenario" time="0.142"/>
  <testcase classname="io.cucumber.testng.AbstractTestNGCucumberTests" name="runScenario" time="0.151"/>
  <testcase classname="io.cucumber.testng.AbstractTestNGCucumberTests" name="runScenario" time="0.144"/>
  <testcase classname="io.cucumber.testng.AbstractTestNGCucumberTests" name="runScenario" time="0.142"/>
  <testcase classname="io.cucumber.testng.AbstractTestNGCucumberTests" name="runScenario" time="0.143"/>
  <testcase classname="io.cucumber.testng.AbstractTestNGCucumberTests" name="runScenario" time="0.146"/>
  <testcase classname="io.cucumber.testng.AbstractTestNGCucumberTests" name="runScenario" time="0.457">
    <failure type="java.lang.AssertionError" message="expected:&amp;lt;400&amp;gt; but was:&amp;lt;201&amp;gt;">
      <![CDATA[java.lang.AssertionError: expected:<400> but was:<201>
at org.junit.Assert.fail(Assert.java:93)
at org.junit.Assert.failNotEquals(Assert.java:647)
at org.junit.Assert.assertEquals(Assert.java:128)
at org.junit.Assert.assertEquals(Assert.java:472)
at utilities_team08.CommonValidation.statusValidations(CommonValidation.java:69)
at step_definition_team08.UserModuleStepDefinition.admin_receives_bad_request_status_with_message_and_boolean_success_details(UserModuleStepDefinition.java:275)
at ✽.Admin receives 400 Bad Request Status with message and boolean success details(file:///Users/anushakarthick/NumpyNinja/Team_08_APIArchitects_RestAssured/src/test/resources/features/User_Module.feature:59)
]]>
    </failure>
  </testcase> <!-- runScenario -->
  <testcase classname="io.cucumber.testng.AbstractTestNGCucumberTests" name="runScenario" time="0.512">
    <failure type="java.lang.AssertionError" message="expected:&amp;lt;400&amp;gt; but was:&amp;lt;201&amp;gt;">
      <![CDATA[java.lang.AssertionError: expected:<400> but was:<201>
at org.junit.Assert.fail(Assert.java:93)
at org.junit.Assert.failNotEquals(Assert.java:647)
at org.junit.Assert.assertEquals(Assert.java:128)
at org.junit.Assert.assertEquals(Assert.java:472)
at utilities_team08.CommonValidation.statusValidations(CommonValidation.java:69)
at step_definition_team08.UserModuleStepDefinition.admin_receives_bad_request_status_with_message_and_boolean_success_details(UserModuleStepDefinition.java:275)
at ✽.Admin receives 400 Bad Request Status with message and boolean success details(file:///Users/anushakarthick/NumpyNinja/Team_08_APIArchitects_RestAssured/src/test/resources/features/User_Module.feature:59)
]]>
    </failure>
  </testcase> <!-- runScenario -->
  <testcase classname="io.cucumber.testng.AbstractTestNGCucumberTests" name="runScenario" time="0.137"/>
  <testcase classname="io.cucumber.testng.AbstractTestNGCucumberTests" name="runScenario" time="0.362"/>
  <testcase classname="io.cucumber.testng.AbstractTestNGCucumberTests" name="runScenario" time="0.122"/>
  <testcase classname="io.cucumber.testng.AbstractTestNGCucumberTests" name="runScenario" time="0.218"/>
  <testcase classname="io.cucumber.testng.AbstractTestNGCucumberTests" name="runScenario" time="0.458"/>
  <testcase classname="io.cucumber.testng.AbstractTestNGCucumberTests" name="runScenario" time="0.119"/>
  <testcase classname="io.cucumber.testng.AbstractTestNGCucumberTests" name="runScenario" time="0.146"/>
  <testcase classname="io.cucumber.testng.AbstractTestNGCucumberTests" name="runScenario" time="0.125"/>
  <testcase classname="io.cucumber.testng.AbstractTestNGCucumberTests" name="runScenario" time="0.118"/>
  <testcase classname="io.cucumber.testng.AbstractTestNGCucumberTests" name="runScenario" time="0.121"/>
  <testcase classname="io.cucumber.testng.AbstractTestNGCucumberTests" name="runScenario" time="0.126"/>
  <testcase classname="io.cucumber.testng.AbstractTestNGCucumberTests" name="runScenario" time="0.213"/>
  <testcase classname="io.cucumber.testng.AbstractTestNGCucumberTests" name="runScenario" time="0.121"/>
  <testcase classname="io.cucumber.testng.AbstractTestNGCucumberTests" name="runScenario" time="0.129"/>
  <testcase classname="io.cucumber.testng.AbstractTestNGCucumberTests" name="runScenario" time="0.125"/>
  <testcase classname="io.cucumber.testng.AbstractTestNGCucumberTests" name="runScenario" time="0.122"/>
  <testcase classname="io.cucumber.testng.AbstractTestNGCucumberTests" name="runScenario" time="0.128"/>
  <testcase classname="io.cucumber.testng.AbstractTestNGCucumberTests" name="runScenario" time="0.135"/>
  <testcase classname="io.cucumber.testng.AbstractTestNGCucumberTests" name="runScenario" time="0.135"/>
  <testcase classname="io.cucumber.testng.AbstractTestNGCucumberTests" name="runScenario" time="0.122"/>
  <testcase classname="io.cucumber.testng.AbstractTestNGCucumberTests" name="runScenario" time="0.122"/>
  <testcase classname="io.cucumber.testng.AbstractTestNGCucumberTests" name="runScenario" time="0.128"/>
  <testcase classname="io.cucumber.testng.AbstractTestNGCucumberTests" name="runScenario" time="0.118"/>
  <testcase classname="io.cucumber.testng.AbstractTestNGCucumberTests" name="runScenario" time="0.122"/>
  <testcase classname="io.cucumber.testng.AbstractTestNGCucumberTests" name="runScenario" time="0.131"/>
  <testcase classname="io.cucumber.testng.AbstractTestNGCucumberTests" name="runScenario" time="1.159"/>
  <testcase classname="io.cucumber.testng.AbstractTestNGCucumberTests" name="runScenario" time="0.134"/>
  <testcase classname="io.cucumber.testng.AbstractTestNGCucumberTests" name="runScenario" time="0.126"/>
  <testcase classname="io.cucumber.testng.AbstractTestNGCucumberTests" name="runScenario" time="0.13"/>
  <testcase classname="io.cucumber.testng.AbstractTestNGCucumberTests" name="runScenario" time="0.475"/>
  <testcase classname="io.cucumber.testng.AbstractTestNGCucumberTests" name="runScenario" time="0.119"/>
  <testcase classname="io.cucumber.testng.AbstractTestNGCucumberTests" name="runScenario" time="0.136"/>
  <testcase classname="io.cucumber.testng.AbstractTestNGCucumberTests" name="runScenario" time="0.231"/>
</testsuite> <!-- Default test -->
