<?xml version="1.0" encoding="UTF-8"?>
<testng-results ignored="0" total="1" passed="1" failed="0" skipped="0">
  <reporter-output>
  </reporter-output>
  <suite started-at="2024-03-27T11:03:28 EDT" name="Default suite" finished-at="2024-03-27T11:03:29 EDT" duration-ms="539">
    <groups>
    </groups>
    <test started-at="2024-03-27T11:03:28 EDT" name="Default test" finished-at="2024-03-27T11:03:29 EDT" duration-ms="539">
      <class name="Utilities.ExcelREaderData">
        <test-method signature="loginCred()[pri:0, instance:Utilities.ExcelREaderData@1725dc0f]" started-at="2024-03-27T11:03:28 EDT" name="loginCred" finished-at="2024-03-27T11:03:29 EDT" duration-ms="521" status="PASS">
          <reporter-output>
          </reporter-output>
        </test-method> <!-- loginCred -->
      </class> <!-- Utilities.ExcelREaderData -->
    </test> <!-- Default test -->
  </suite> <!-- Default suite -->
</testng-results>
