<?xml version="1.0" encoding="UTF-8"?>
<testng-results ignored="0" total="15" passed="15" failed="0" skipped="0">
  <reporter-output>
  </reporter-output>
  <suite started-at="2024-03-30T11:29:24 EDT" name="Default suite" finished-at="2024-03-30T11:29:30 EDT" duration-ms="6664">
    <groups>
      <group name="cucumber">
        <method signature="AbstractTestNGCucumberTests.runScenario(io.cucumber.testng.PickleWrapper,io.cucumber.testng.FeatureWrapper)[pri:0, instance:test_runner_team08.TestRunner@16d04d3d]" name="runScenario" class="io.cucumber.testng.AbstractTestNGCucumberTests"/>
      </group> <!-- cucumber -->
    </groups>
    <test started-at="2024-03-30T11:29:24 EDT" name="Default test" finished-at="2024-03-30T11:29:30 EDT" duration-ms="6664">
      <class name="test_runner_team08.TestRunner">
        <test-method is-config="true" signature="clearAllData()[pri:0, instance:test_runner_team08.TestRunner@16d04d3d]" started-at="2024-03-30T11:29:24 EDT" name="clearAllData" finished-at="2024-03-30T11:29:24 EDT" duration-ms="396" status="PASS">
          <reporter-output>
          </reporter-output>
        </test-method> <!-- clearAllData -->
        <test-method is-config="true" signature="setUpClass(org.testng.ITestContext)[pri:0, instance:test_runner_team08.TestRunner@16d04d3d]" started-at="2024-03-30T11:29:24 EDT" name="setUpClass" finished-at="2024-03-30T11:29:24 EDT" duration-ms="67" status="PASS">
          <params>
            <param index="0">
              <value>
                <![CDATA[org.testng.TestRunner@22a63740]]>
              </value>
            </param>
          </params>
          <reporter-output>
          </reporter-output>
        </test-method> <!-- setUpClass -->
        <test-method signature="runScenario(io.cucumber.testng.PickleWrapper,io.cucumber.testng.FeatureWrapper)[pri:0, instance:test_runner_team08.TestRunner@16d04d3d]" started-at="2024-03-30T11:29:24 EDT" name="runScenario" description="Runs Cucumber Scenarios" data-provider="scenarios" finished-at="2024-03-30T11:29:26 EDT" duration-ms="1411" status="PASS">
          <params>
            <param index="0">
              <value>
                <![CDATA["Check if Admin able to generate token with valid credential"]]>
              </value>
            </param>
            <param index="1">
              <value>
                <![CDATA["User Module"]]>
              </value>
            </param>
          </params>
          <reporter-output>
          </reporter-output>
        </test-method> <!-- runScenario -->
        <test-method signature="runScenario(io.cucumber.testng.PickleWrapper,io.cucumber.testng.FeatureWrapper)[pri:0, instance:test_runner_team08.TestRunner@16d04d3d]" started-at="2024-03-30T11:29:26 EDT" name="runScenario" description="Runs Cucumber Scenarios" data-provider="scenarios" finished-at="2024-03-30T11:29:26 EDT" duration-ms="642" status="PASS">
          <params>
            <param index="0">
              <value>
                <![CDATA["Check if admin is able to create a new Admin with valid endpoint and request body with mandatory fields"]]>
              </value>
            </param>
            <param index="1">
              <value>
                <![CDATA["User Module"]]>
              </value>
            </param>
          </params>
          <reporter-output>
          </reporter-output>
        </test-method> <!-- runScenario -->
        <test-method signature="runScenario(io.cucumber.testng.PickleWrapper,io.cucumber.testng.FeatureWrapper)[pri:0, instance:test_runner_team08.TestRunner@16d04d3d]" started-at="2024-03-30T11:29:26 EDT" name="runScenario" description="Runs Cucumber Scenarios" data-provider="scenarios" finished-at="2024-03-30T11:29:27 EDT" duration-ms="589" status="PASS">
          <params>
            <param index="0">
              <value>
                <![CDATA["Check if admin is able to create a new Admin with valid endpoint and request body with mandatory fields and Additional fields"]]>
              </value>
            </param>
            <param index="1">
              <value>
                <![CDATA["User Module"]]>
              </value>
            </param>
          </params>
          <reporter-output>
          </reporter-output>
        </test-method> <!-- runScenario -->
        <test-method signature="runScenario(io.cucumber.testng.PickleWrapper,io.cucumber.testng.FeatureWrapper)[pri:0, instance:test_runner_team08.TestRunner@16d04d3d]" started-at="2024-03-30T11:29:27 EDT" name="runScenario" description="Runs Cucumber Scenarios" data-provider="scenarios" finished-at="2024-03-30T11:29:27 EDT" duration-ms="515" status="PASS">
          <params>
            <param index="0">
              <value>
                <![CDATA["Check if admin is able to create a new Admin with valid endpoint and request body with mandatory fields and Additional fields"]]>
              </value>
            </param>
            <param index="1">
              <value>
                <![CDATA["User Module"]]>
              </value>
            </param>
          </params>
          <reporter-output>
          </reporter-output>
        </test-method> <!-- runScenario -->
        <test-method signature="runScenario(io.cucumber.testng.PickleWrapper,io.cucumber.testng.FeatureWrapper)[pri:0, instance:test_runner_team08.TestRunner@16d04d3d]" started-at="2024-03-30T11:29:27 EDT" name="runScenario" description="Runs Cucumber Scenarios" data-provider="scenarios" finished-at="2024-03-30T11:29:28 EDT" duration-ms="588" status="PASS">
          <params>
            <param index="0">
              <value>
                <![CDATA["Check if admin is able to retreive all the available roles with Authorization"]]>
              </value>
            </param>
            <param index="1">
              <value>
                <![CDATA["User Module"]]>
              </value>
            </param>
          </params>
          <reporter-output>
          </reporter-output>
        </test-method> <!-- runScenario -->
        <test-method signature="runScenario(io.cucumber.testng.PickleWrapper,io.cucumber.testng.FeatureWrapper)[pri:0, instance:test_runner_team08.TestRunner@16d04d3d]" started-at="2024-03-30T11:29:28 EDT" name="runScenario" description="Runs Cucumber Scenarios" data-provider="scenarios" finished-at="2024-03-30T11:29:29 EDT" duration-ms="721" status="PASS">
          <params>
            <param index="0">
              <value>
                <![CDATA["Check if admin able to retrieve all Admin with valid endpoint"]]>
              </value>
            </param>
            <param index="1">
              <value>
                <![CDATA["User Module"]]>
              </value>
            </param>
          </params>
          <reporter-output>
          </reporter-output>
        </test-method> <!-- runScenario -->
        <test-method signature="runScenario(io.cucumber.testng.PickleWrapper,io.cucumber.testng.FeatureWrapper)[pri:0, instance:test_runner_team08.TestRunner@16d04d3d]" started-at="2024-03-30T11:29:29 EDT" name="runScenario" description="Runs Cucumber Scenarios" data-provider="scenarios" finished-at="2024-03-30T11:29:29 EDT" duration-ms="131" status="PASS">
          <params>
            <param index="0">
              <value>
                <![CDATA["Check if admin able to retrieve a Admin with valid Admin ID"]]>
              </value>
            </param>
            <param index="1">
              <value>
                <![CDATA["User Module"]]>
              </value>
            </param>
          </params>
          <reporter-output>
          </reporter-output>
        </test-method> <!-- runScenario -->
        <test-method signature="runScenario(io.cucumber.testng.PickleWrapper,io.cucumber.testng.FeatureWrapper)[pri:0, instance:test_runner_team08.TestRunner@16d04d3d]" started-at="2024-03-30T11:29:29 EDT" name="runScenario" description="Runs Cucumber Scenarios" data-provider="scenarios" finished-at="2024-03-30T11:29:29 EDT" duration-ms="225" status="PASS">
          <params>
            <param index="0">
              <value>
                <![CDATA["Check if admin able to retrieve all active Admins"]]>
              </value>
            </param>
            <param index="1">
              <value>
                <![CDATA["User Module"]]>
              </value>
            </param>
          </params>
          <reporter-output>
          </reporter-output>
        </test-method> <!-- runScenario -->
        <test-method signature="runScenario(io.cucumber.testng.PickleWrapper,io.cucumber.testng.FeatureWrapper)[pri:0, instance:test_runner_team08.TestRunner@16d04d3d]" started-at="2024-03-30T11:29:29 EDT" name="runScenario" description="Runs Cucumber Scenarios" data-provider="scenarios" finished-at="2024-03-30T11:29:29 EDT" duration-ms="118" status="PASS">
          <params>
            <param index="0">
              <value>
                <![CDATA["Check if admin is able to get count of active and inactive Admins"]]>
              </value>
            </param>
            <param index="1">
              <value>
                <![CDATA["User Module"]]>
              </value>
            </param>
          </params>
          <reporter-output>
          </reporter-output>
        </test-method> <!-- runScenario -->
        <test-method signature="runScenario(io.cucumber.testng.PickleWrapper,io.cucumber.testng.FeatureWrapper)[pri:0, instance:test_runner_team08.TestRunner@16d04d3d]" started-at="2024-03-30T11:29:29 EDT" name="runScenario" description="Runs Cucumber Scenarios" data-provider="scenarios" finished-at="2024-03-30T11:29:29 EDT" duration-ms="127" status="PASS">
          <params>
            <param index="0">
              <value>
                <![CDATA["Check if admin is able to get count of active and inactive Admins"]]>
              </value>
            </param>
            <param index="1">
              <value>
                <![CDATA["User Module"]]>
              </value>
            </param>
          </params>
          <reporter-output>
          </reporter-output>
        </test-method> <!-- runScenario -->
        <test-method signature="runScenario(io.cucumber.testng.PickleWrapper,io.cucumber.testng.FeatureWrapper)[pri:0, instance:test_runner_team08.TestRunner@16d04d3d]" started-at="2024-03-30T11:29:29 EDT" name="runScenario" description="Runs Cucumber Scenarios" data-provider="scenarios" finished-at="2024-03-30T11:29:30 EDT" duration-ms="120" status="PASS">
          <params>
            <param index="0">
              <value>
                <![CDATA["Check if admin is able to get count of active and inactive Admins"]]>
              </value>
            </param>
            <param index="1">
              <value>
                <![CDATA["User Module"]]>
              </value>
            </param>
          </params>
          <reporter-output>
          </reporter-output>
        </test-method> <!-- runScenario -->
        <test-method signature="runScenario(io.cucumber.testng.PickleWrapper,io.cucumber.testng.FeatureWrapper)[pri:0, instance:test_runner_team08.TestRunner@16d04d3d]" started-at="2024-03-30T11:29:30 EDT" name="runScenario" description="Runs Cucumber Scenarios" data-provider="scenarios" finished-at="2024-03-30T11:29:30 EDT" duration-ms="121" status="PASS">
          <params>
            <param index="0">
              <value>
                <![CDATA["Check if admin is able to get count of active and inactive Admins"]]>
              </value>
            </param>
            <param index="1">
              <value>
                <![CDATA["User Module"]]>
              </value>
            </param>
          </params>
          <reporter-output>
          </reporter-output>
        </test-method> <!-- runScenario -->
        <test-method signature="runScenario(io.cucumber.testng.PickleWrapper,io.cucumber.testng.FeatureWrapper)[pri:0, instance:test_runner_team08.TestRunner@16d04d3d]" started-at="2024-03-30T11:29:30 EDT" name="runScenario" description="Runs Cucumber Scenarios" data-provider="scenarios" finished-at="2024-03-30T11:29:30 EDT" duration-ms="137" status="PASS">
          <params>
            <param index="0">
              <value>
                <![CDATA["Check if admin is able to get the Admins by program batches for valid batch ID"]]>
              </value>
            </param>
            <param index="1">
              <value>
                <![CDATA["User Module"]]>
              </value>
            </param>
          </params>
          <reporter-output>
          </reporter-output>
        </test-method> <!-- runScenario -->
        <test-method signature="runScenario(io.cucumber.testng.PickleWrapper,io.cucumber.testng.FeatureWrapper)[pri:0, instance:test_runner_team08.TestRunner@16d04d3d]" started-at="2024-03-30T11:29:30 EDT" name="runScenario" description="Runs Cucumber Scenarios" data-provider="scenarios" finished-at="2024-03-30T11:29:30 EDT" duration-ms="124" status="PASS">
          <params>
            <param index="0">
              <value>
                <![CDATA["Check if admin is able to get the Admins for valid program Id"]]>
              </value>
            </param>
            <param index="1">
              <value>
                <![CDATA["User Module"]]>
              </value>
            </param>
          </params>
          <reporter-output>
          </reporter-output>
        </test-method> <!-- runScenario -->
        <test-method signature="runScenario(io.cucumber.testng.PickleWrapper,io.cucumber.testng.FeatureWrapper)[pri:0, instance:test_runner_team08.TestRunner@16d04d3d]" started-at="2024-03-30T11:29:30 EDT" name="runScenario" description="Runs Cucumber Scenarios" data-provider="scenarios" finished-at="2024-03-30T11:29:30 EDT" duration-ms="602" status="PASS">
          <params>
            <param index="0">
              <value>
                <![CDATA["Check if admin is able to retreive Admins by valid role ID"]]>
              </value>
            </param>
            <param index="1">
              <value>
                <![CDATA["User Module"]]>
              </value>
            </param>
          </params>
          <reporter-output>
          </reporter-output>
        </test-method> <!-- runScenario -->
        <test-method is-config="true" signature="tearDownClass()[pri:0, instance:test_runner_team08.TestRunner@16d04d3d]" started-at="2024-03-30T11:29:30 EDT" name="tearDownClass" finished-at="2024-03-30T11:29:30 EDT" duration-ms="2" status="PASS">
          <reporter-output>
          </reporter-output>
        </test-method> <!-- tearDownClass -->
      </class> <!-- test_runner_team08.TestRunner -->
    </test> <!-- Default test -->
  </suite> <!-- Default suite -->
</testng-results>
