<?xml version="1.0" encoding="UTF-8"?>
<testng-results ignored="0" total="1" passed="1" failed="0" skipped="0">
  <reporter-output>
  </reporter-output>
  <suite started-at="2024-03-27T17:42:57 EDT" name="Default suite" finished-at="2024-03-27T17:42:58 EDT" duration-ms="790">
    <groups>
    </groups>
    <test started-at="2024-03-27T17:42:57 EDT" name="Default test" finished-at="2024-03-27T17:42:58 EDT" duration-ms="790">
      <class name="utilities.ExcelREaderData">
        <test-method signature="loginCred()[pri:0, instance:utilities.ExcelREaderData@1cbbffcd]" started-at="2024-03-27T17:42:57 EDT" name="loginCred" finished-at="2024-03-27T17:42:58 EDT" duration-ms="773" status="PASS">
          <reporter-output>
          </reporter-output>
        </test-method> <!-- loginCred -->
      </class> <!-- utilities.ExcelREaderData -->
    </test> <!-- Default test -->
  </suite> <!-- Default suite -->
</testng-results>
