<?xml version="1.0" encoding="UTF-8"?>
<testng-results ignored="0" total="56" passed="52" failed="4" skipped="0">
  <reporter-output>
  </reporter-output>
  <suite started-at="2024-03-31T20:59:49 EDT" name="Dsalgo Suit" finished-at="2024-03-31T21:00:03 EDT" duration-ms="13775">
    <groups>
      <group name="cucumber">
        <method signature="AbstractTestNGCucumberTests.runScenario(io.cucumber.testng.PickleWrapper,io.cucumber.testng.FeatureWrapper)[pri:0, instance:test_runner_team08.TestRunner@4007f65e]" name="runScenario" class="io.cucumber.testng.AbstractTestNGCucumberTests"/>
      </group> <!-- cucumber -->
    </groups>
    <test started-at="2024-03-31T20:59:49 EDT" name="RestAssuredAPI Testing- LMS Project" finished-at="2024-03-31T21:00:03 EDT" duration-ms="13775">
      <class name="test_runner_team08.TestRunner">
        <test-method is-config="true" signature="setUpClass(org.testng.ITestContext)[pri:0, instance:test_runner_team08.TestRunner@4007f65e]" started-at="2024-03-31T20:59:49 EDT" name="setUpClass" finished-at="2024-03-31T20:59:50 EDT" duration-ms="649" status="PASS">
          <params>
            <param index="0">
              <value>
                <![CDATA[org.testng.TestRunner@1cb346ea]]>
              </value>
            </param>
          </params>
          <reporter-output>
          </reporter-output>
        </test-method> <!-- setUpClass -->
        <test-method signature="runScenario(io.cucumber.testng.PickleWrapper,io.cucumber.testng.FeatureWrapper)[pri:0, instance:test_runner_team08.TestRunner@4007f65e]" started-at="2024-03-31T20:59:50 EDT" name="runScenario" description="Runs Cucumber Scenarios" data-provider="scenarios" finished-at="2024-03-31T20:59:51 EDT" duration-ms="1462" status="PASS">
          <params>
            <param index="0">
              <value>
                <![CDATA["Check if Admin able to generate token with valid credential"]]>
              </value>
            </param>
            <param index="1">
              <value>
                <![CDATA["User Module"]]>
              </value>
            </param>
          </params>
          <reporter-output>
          </reporter-output>
        </test-method> <!-- runScenario -->
        <test-method signature="runScenario(io.cucumber.testng.PickleWrapper,io.cucumber.testng.FeatureWrapper)[pri:0, instance:test_runner_team08.TestRunner@4007f65e]" started-at="2024-03-31T20:59:51 EDT" name="runScenario" description="Runs Cucumber Scenarios" data-provider="scenarios" finished-at="2024-03-31T20:59:52 EDT" duration-ms="675" status="PASS">
          <params>
            <param index="0">
              <value>
                <![CDATA["Check if admin is able to create a new Admin with valid endpoint and request body with mandatory fields"]]>
              </value>
            </param>
            <param index="1">
              <value>
                <![CDATA["User Module"]]>
              </value>
            </param>
          </params>
          <reporter-output>
          </reporter-output>
        </test-method> <!-- runScenario -->
        <test-method signature="runScenario(io.cucumber.testng.PickleWrapper,io.cucumber.testng.FeatureWrapper)[pri:0, instance:test_runner_team08.TestRunner@4007f65e]" started-at="2024-03-31T20:59:52 EDT" name="runScenario" description="Runs Cucumber Scenarios" data-provider="scenarios" finished-at="2024-03-31T20:59:53 EDT" duration-ms="596" status="PASS">
          <params>
            <param index="0">
              <value>
                <![CDATA["Check if admin is able to create a Admin with valid endpoint with Existing EmailId and PhoneNumber"]]>
              </value>
            </param>
            <param index="1">
              <value>
                <![CDATA["User Module"]]>
              </value>
            </param>
          </params>
          <reporter-output>
          </reporter-output>
        </test-method> <!-- runScenario -->
        <test-method signature="runScenario(io.cucumber.testng.PickleWrapper,io.cucumber.testng.FeatureWrapper)[pri:0, instance:test_runner_team08.TestRunner@4007f65e]" started-at="2024-03-31T20:59:53 EDT" name="runScenario" description="Runs Cucumber Scenarios" data-provider="scenarios" finished-at="2024-03-31T20:59:53 EDT" duration-ms="178" status="PASS">
          <params>
            <param index="0">
              <value>
                <![CDATA["Check if admin is able to create a Admin with valid endpoint with Existing EmailId and PhoneNumber"]]>
              </value>
            </param>
            <param index="1">
              <value>
                <![CDATA["User Module"]]>
              </value>
            </param>
          </params>
          <reporter-output>
          </reporter-output>
        </test-method> <!-- runScenario -->
        <test-method signature="runScenario(io.cucumber.testng.PickleWrapper,io.cucumber.testng.FeatureWrapper)[pri:0, instance:test_runner_team08.TestRunner@4007f65e]" started-at="2024-03-31T20:59:53 EDT" name="runScenario" description="Runs Cucumber Scenarios" data-provider="scenarios" finished-at="2024-03-31T20:59:53 EDT" duration-ms="169" status="PASS">
          <params>
            <param index="0">
              <value>
                <![CDATA["Check if admin is able to create a Admin with valid endpoint with Existing EmailId and PhoneNumber"]]>
              </value>
            </param>
            <param index="1">
              <value>
                <![CDATA["User Module"]]>
              </value>
            </param>
          </params>
          <reporter-output>
          </reporter-output>
        </test-method> <!-- runScenario -->
        <test-method signature="runScenario(io.cucumber.testng.PickleWrapper,io.cucumber.testng.FeatureWrapper)[pri:0, instance:test_runner_team08.TestRunner@4007f65e]" started-at="2024-03-31T20:59:53 EDT" name="runScenario" description="Runs Cucumber Scenarios" data-provider="scenarios" finished-at="2024-03-31T20:59:54 EDT" duration-ms="548" status="PASS">
          <params>
            <param index="0">
              <value>
                <![CDATA["Check if admin is able to create a new Admin with valid endpoint and request body with mandatory fields and Additional fields"]]>
              </value>
            </param>
            <param index="1">
              <value>
                <![CDATA["User Module"]]>
              </value>
            </param>
          </params>
          <reporter-output>
          </reporter-output>
        </test-method> <!-- runScenario -->
        <test-method signature="runScenario(io.cucumber.testng.PickleWrapper,io.cucumber.testng.FeatureWrapper)[pri:0, instance:test_runner_team08.TestRunner@4007f65e]" started-at="2024-03-31T20:59:54 EDT" name="runScenario" description="Runs Cucumber Scenarios" data-provider="scenarios" finished-at="2024-03-31T20:59:54 EDT" duration-ms="484" status="PASS">
          <params>
            <param index="0">
              <value>
                <![CDATA["Check if admin is able to create a new Admin with valid endpoint and request body with mandatory fields and Additional fields"]]>
              </value>
            </param>
            <param index="1">
              <value>
                <![CDATA["User Module"]]>
              </value>
            </param>
          </params>
          <reporter-output>
          </reporter-output>
        </test-method> <!-- runScenario -->
        <test-method signature="runScenario(io.cucumber.testng.PickleWrapper,io.cucumber.testng.FeatureWrapper)[pri:0, instance:test_runner_team08.TestRunner@4007f65e]" started-at="2024-03-31T20:59:54 EDT" name="runScenario" description="Runs Cucumber Scenarios" data-provider="scenarios" finished-at="2024-03-31T20:59:54 EDT" duration-ms="158" status="PASS">
          <params>
            <param index="0">
              <value>
                <![CDATA["Check if admin is able to create a Admin with valid endpoint and invalid values in request body"]]>
              </value>
            </param>
            <param index="1">
              <value>
                <![CDATA["User Module"]]>
              </value>
            </param>
          </params>
          <reporter-output>
          </reporter-output>
        </test-method> <!-- runScenario -->
        <test-method signature="runScenario(io.cucumber.testng.PickleWrapper,io.cucumber.testng.FeatureWrapper)[pri:0, instance:test_runner_team08.TestRunner@4007f65e]" started-at="2024-03-31T20:59:54 EDT" name="runScenario" description="Runs Cucumber Scenarios" data-provider="scenarios" finished-at="2024-03-31T20:59:54 EDT" duration-ms="149" status="PASS">
          <params>
            <param index="0">
              <value>
                <![CDATA["Check if admin is able to create a Admin with valid endpoint and invalid values in request body"]]>
              </value>
            </param>
            <param index="1">
              <value>
                <![CDATA["User Module"]]>
              </value>
            </param>
          </params>
          <reporter-output>
          </reporter-output>
        </test-method> <!-- runScenario -->
        <test-method signature="runScenario(io.cucumber.testng.PickleWrapper,io.cucumber.testng.FeatureWrapper)[pri:0, instance:test_runner_team08.TestRunner@4007f65e]" started-at="2024-03-31T20:59:54 EDT" name="runScenario" description="Runs Cucumber Scenarios" data-provider="scenarios" finished-at="2024-03-31T20:59:54 EDT" duration-ms="144" status="PASS">
          <params>
            <param index="0">
              <value>
                <![CDATA["Check if admin is able to create a Admin with valid endpoint and invalid values in request body"]]>
              </value>
            </param>
            <param index="1">
              <value>
                <![CDATA["User Module"]]>
              </value>
            </param>
          </params>
          <reporter-output>
          </reporter-output>
        </test-method> <!-- runScenario -->
        <test-method signature="runScenario(io.cucumber.testng.PickleWrapper,io.cucumber.testng.FeatureWrapper)[pri:0, instance:test_runner_team08.TestRunner@4007f65e]" started-at="2024-03-31T20:59:54 EDT" name="runScenario" description="Runs Cucumber Scenarios" data-provider="scenarios" finished-at="2024-03-31T20:59:55 EDT" duration-ms="145" status="PASS">
          <params>
            <param index="0">
              <value>
                <![CDATA["Check if admin is able to create a Admin with valid endpoint and invalid values in request body"]]>
              </value>
            </param>
            <param index="1">
              <value>
                <![CDATA["User Module"]]>
              </value>
            </param>
          </params>
          <reporter-output>
          </reporter-output>
        </test-method> <!-- runScenario -->
        <test-method signature="runScenario(io.cucumber.testng.PickleWrapper,io.cucumber.testng.FeatureWrapper)[pri:0, instance:test_runner_team08.TestRunner@4007f65e]" started-at="2024-03-31T20:59:55 EDT" name="runScenario" description="Runs Cucumber Scenarios" data-provider="scenarios" finished-at="2024-03-31T20:59:55 EDT" duration-ms="155" status="PASS">
          <params>
            <param index="0">
              <value>
                <![CDATA["Check if admin is able to create a Admin with valid endpoint and invalid values in request body"]]>
              </value>
            </param>
            <param index="1">
              <value>
                <![CDATA["User Module"]]>
              </value>
            </param>
          </params>
          <reporter-output>
          </reporter-output>
        </test-method> <!-- runScenario -->
        <test-method signature="runScenario(io.cucumber.testng.PickleWrapper,io.cucumber.testng.FeatureWrapper)[pri:0, instance:test_runner_team08.TestRunner@4007f65e]" started-at="2024-03-31T20:59:55 EDT" name="runScenario" description="Runs Cucumber Scenarios" data-provider="scenarios" finished-at="2024-03-31T20:59:55 EDT" duration-ms="161" status="PASS">
          <params>
            <param index="0">
              <value>
                <![CDATA["Check if admin is able to create a Admin with valid endpoint and invalid values in request body"]]>
              </value>
            </param>
            <param index="1">
              <value>
                <![CDATA["User Module"]]>
              </value>
            </param>
          </params>
          <reporter-output>
          </reporter-output>
        </test-method> <!-- runScenario -->
        <test-method signature="runScenario(io.cucumber.testng.PickleWrapper,io.cucumber.testng.FeatureWrapper)[pri:0, instance:test_runner_team08.TestRunner@4007f65e]" started-at="2024-03-31T20:59:55 EDT" name="runScenario" description="Runs Cucumber Scenarios" data-provider="scenarios" finished-at="2024-03-31T20:59:55 EDT" duration-ms="429" status="FAIL">
          <params>
            <param index="0">
              <value>
                <![CDATA["Check if admin is able to create a Admin with valid endpoint and invalid values in request body"]]>
              </value>
            </param>
            <param index="1">
              <value>
                <![CDATA["User Module"]]>
              </value>
            </param>
          </params>
          <exception class="java.lang.AssertionError">
            <message>
              <![CDATA[expected:<400> but was:<201>]]>
            </message>
            <full-stacktrace>
              <![CDATA[java.lang.AssertionError: expected:<400> but was:<201>
at org.junit.Assert.fail(Assert.java:93)
at org.junit.Assert.failNotEquals(Assert.java:647)
at org.junit.Assert.assertEquals(Assert.java:128)
at org.junit.Assert.assertEquals(Assert.java:472)
at utilities_team08.CommonValidation.statusValidations(CommonValidation.java:69)
at step_definition_team08.UserModuleStepDefinition.admin_receives_bad_request_status_with_message_and_boolean_success_details(UserModuleStepDefinition.java:263)
at ✽.Admin receives 400 Bad Request Status with message and boolean success details(file:///Users/anushakarthick/Desktop/Phase2RestAssured/BAckUps/Anusha_Team8_APIArchitects_RestAssured/src/test/resources/features/UserModule1.feature:42)
]]>
            </full-stacktrace>
          </exception> <!-- java.lang.AssertionError -->
          <reporter-output>
          </reporter-output>
        </test-method> <!-- runScenario -->
        <test-method signature="runScenario(io.cucumber.testng.PickleWrapper,io.cucumber.testng.FeatureWrapper)[pri:0, instance:test_runner_team08.TestRunner@4007f65e]" started-at="2024-03-31T20:59:55 EDT" name="runScenario" description="Runs Cucumber Scenarios" data-provider="scenarios" finished-at="2024-03-31T20:59:56 EDT" duration-ms="415" status="FAIL">
          <params>
            <param index="0">
              <value>
                <![CDATA["Check if admin is able to create a Admin with valid endpoint and invalid values in request body"]]>
              </value>
            </param>
            <param index="1">
              <value>
                <![CDATA["User Module"]]>
              </value>
            </param>
          </params>
          <exception class="java.lang.AssertionError">
            <message>
              <![CDATA[expected:<400> but was:<201>]]>
            </message>
            <full-stacktrace>
              <![CDATA[java.lang.AssertionError: expected:<400> but was:<201>
at org.junit.Assert.fail(Assert.java:93)
at org.junit.Assert.failNotEquals(Assert.java:647)
at org.junit.Assert.assertEquals(Assert.java:128)
at org.junit.Assert.assertEquals(Assert.java:472)
at utilities_team08.CommonValidation.statusValidations(CommonValidation.java:69)
at step_definition_team08.UserModuleStepDefinition.admin_receives_bad_request_status_with_message_and_boolean_success_details(UserModuleStepDefinition.java:263)
at ✽.Admin receives 400 Bad Request Status with message and boolean success details(file:///Users/anushakarthick/Desktop/Phase2RestAssured/BAckUps/Anusha_Team8_APIArchitects_RestAssured/src/test/resources/features/UserModule1.feature:42)
]]>
            </full-stacktrace>
          </exception> <!-- java.lang.AssertionError -->
          <reporter-output>
          </reporter-output>
        </test-method> <!-- runScenario -->
        <test-method signature="runScenario(io.cucumber.testng.PickleWrapper,io.cucumber.testng.FeatureWrapper)[pri:0, instance:test_runner_team08.TestRunner@4007f65e]" started-at="2024-03-31T20:59:56 EDT" name="runScenario" description="Runs Cucumber Scenarios" data-provider="scenarios" finished-at="2024-03-31T20:59:56 EDT" duration-ms="148" status="PASS">
          <params>
            <param index="0">
              <value>
                <![CDATA["Check if admin is able to create a Admin with valid endpoint and missing fields in request body"]]>
              </value>
            </param>
            <param index="1">
              <value>
                <![CDATA["User Module"]]>
              </value>
            </param>
          </params>
          <reporter-output>
          </reporter-output>
        </test-method> <!-- runScenario -->
        <test-method signature="runScenario(io.cucumber.testng.PickleWrapper,io.cucumber.testng.FeatureWrapper)[pri:0, instance:test_runner_team08.TestRunner@4007f65e]" started-at="2024-03-31T20:59:56 EDT" name="runScenario" description="Runs Cucumber Scenarios" data-provider="scenarios" finished-at="2024-03-31T20:59:56 EDT" duration-ms="144" status="PASS">
          <params>
            <param index="0">
              <value>
                <![CDATA["Check if admin is able to create a Admin with valid endpoint and missing fields in request body"]]>
              </value>
            </param>
            <param index="1">
              <value>
                <![CDATA["User Module"]]>
              </value>
            </param>
          </params>
          <reporter-output>
          </reporter-output>
        </test-method> <!-- runScenario -->
        <test-method signature="runScenario(io.cucumber.testng.PickleWrapper,io.cucumber.testng.FeatureWrapper)[pri:0, instance:test_runner_team08.TestRunner@4007f65e]" started-at="2024-03-31T20:59:56 EDT" name="runScenario" description="Runs Cucumber Scenarios" data-provider="scenarios" finished-at="2024-03-31T20:59:56 EDT" duration-ms="139" status="PASS">
          <params>
            <param index="0">
              <value>
                <![CDATA["Check if admin is able to create a Admin with valid endpoint and missing fields in request body"]]>
              </value>
            </param>
            <param index="1">
              <value>
                <![CDATA["User Module"]]>
              </value>
            </param>
          </params>
          <reporter-output>
          </reporter-output>
        </test-method> <!-- runScenario -->
        <test-method signature="runScenario(io.cucumber.testng.PickleWrapper,io.cucumber.testng.FeatureWrapper)[pri:0, instance:test_runner_team08.TestRunner@4007f65e]" started-at="2024-03-31T20:59:56 EDT" name="runScenario" description="Runs Cucumber Scenarios" data-provider="scenarios" finished-at="2024-03-31T20:59:56 EDT" duration-ms="140" status="PASS">
          <params>
            <param index="0">
              <value>
                <![CDATA["Check if admin is able to create a Admin with valid endpoint and missing fields in request body"]]>
              </value>
            </param>
            <param index="1">
              <value>
                <![CDATA["User Module"]]>
              </value>
            </param>
          </params>
          <reporter-output>
          </reporter-output>
        </test-method> <!-- runScenario -->
        <test-method signature="runScenario(io.cucumber.testng.PickleWrapper,io.cucumber.testng.FeatureWrapper)[pri:0, instance:test_runner_team08.TestRunner@4007f65e]" started-at="2024-03-31T20:59:56 EDT" name="runScenario" description="Runs Cucumber Scenarios" data-provider="scenarios" finished-at="2024-03-31T20:59:56 EDT" duration-ms="144" status="PASS">
          <params>
            <param index="0">
              <value>
                <![CDATA["Check if admin is able to create a Admin with valid endpoint and missing fields in request body"]]>
              </value>
            </param>
            <param index="1">
              <value>
                <![CDATA["User Module"]]>
              </value>
            </param>
          </params>
          <reporter-output>
          </reporter-output>
        </test-method> <!-- runScenario -->
        <test-method signature="runScenario(io.cucumber.testng.PickleWrapper,io.cucumber.testng.FeatureWrapper)[pri:0, instance:test_runner_team08.TestRunner@4007f65e]" started-at="2024-03-31T20:59:56 EDT" name="runScenario" description="Runs Cucumber Scenarios" data-provider="scenarios" finished-at="2024-03-31T20:59:57 EDT" duration-ms="149" status="PASS">
          <params>
            <param index="0">
              <value>
                <![CDATA["Check if admin is able to create a Admin with valid endpoint and missing fields in request body"]]>
              </value>
            </param>
            <param index="1">
              <value>
                <![CDATA["User Module"]]>
              </value>
            </param>
          </params>
          <reporter-output>
          </reporter-output>
        </test-method> <!-- runScenario -->
        <test-method signature="runScenario(io.cucumber.testng.PickleWrapper,io.cucumber.testng.FeatureWrapper)[pri:0, instance:test_runner_team08.TestRunner@4007f65e]" started-at="2024-03-31T20:59:57 EDT" name="runScenario" description="Runs Cucumber Scenarios" data-provider="scenarios" finished-at="2024-03-31T20:59:57 EDT" duration-ms="407" status="FAIL">
          <params>
            <param index="0">
              <value>
                <![CDATA["Check if admin is able to create a Admin with valid endpoint and missing fields in request body"]]>
              </value>
            </param>
            <param index="1">
              <value>
                <![CDATA["User Module"]]>
              </value>
            </param>
          </params>
          <exception class="java.lang.AssertionError">
            <message>
              <![CDATA[expected:<400> but was:<201>]]>
            </message>
            <full-stacktrace>
              <![CDATA[java.lang.AssertionError: expected:<400> but was:<201>
at org.junit.Assert.fail(Assert.java:93)
at org.junit.Assert.failNotEquals(Assert.java:647)
at org.junit.Assert.assertEquals(Assert.java:128)
at org.junit.Assert.assertEquals(Assert.java:472)
at utilities_team08.CommonValidation.statusValidations(CommonValidation.java:69)
at step_definition_team08.UserModuleStepDefinition.admin_receives_bad_request_status_with_message_and_boolean_success_details(UserModuleStepDefinition.java:263)
at ✽.Admin receives 400 Bad Request Status with message and boolean success details(file:///Users/anushakarthick/Desktop/Phase2RestAssured/BAckUps/Anusha_Team8_APIArchitects_RestAssured/src/test/resources/features/UserModule1.feature:59)
]]>
            </full-stacktrace>
          </exception> <!-- java.lang.AssertionError -->
          <reporter-output>
          </reporter-output>
        </test-method> <!-- runScenario -->
        <test-method signature="runScenario(io.cucumber.testng.PickleWrapper,io.cucumber.testng.FeatureWrapper)[pri:0, instance:test_runner_team08.TestRunner@4007f65e]" started-at="2024-03-31T20:59:57 EDT" name="runScenario" description="Runs Cucumber Scenarios" data-provider="scenarios" finished-at="2024-03-31T20:59:57 EDT" duration-ms="446" status="FAIL">
          <params>
            <param index="0">
              <value>
                <![CDATA["Check if admin is able to create a Admin with valid endpoint and missing fields in request body"]]>
              </value>
            </param>
            <param index="1">
              <value>
                <![CDATA["User Module"]]>
              </value>
            </param>
          </params>
          <exception class="java.lang.AssertionError">
            <message>
              <![CDATA[expected:<400> but was:<201>]]>
            </message>
            <full-stacktrace>
              <![CDATA[java.lang.AssertionError: expected:<400> but was:<201>
at org.junit.Assert.fail(Assert.java:93)
at org.junit.Assert.failNotEquals(Assert.java:647)
at org.junit.Assert.assertEquals(Assert.java:128)
at org.junit.Assert.assertEquals(Assert.java:472)
at utilities_team08.CommonValidation.statusValidations(CommonValidation.java:69)
at step_definition_team08.UserModuleStepDefinition.admin_receives_bad_request_status_with_message_and_boolean_success_details(UserModuleStepDefinition.java:263)
at ✽.Admin receives 400 Bad Request Status with message and boolean success details(file:///Users/anushakarthick/Desktop/Phase2RestAssured/BAckUps/Anusha_Team8_APIArchitects_RestAssured/src/test/resources/features/UserModule1.feature:59)
]]>
            </full-stacktrace>
          </exception> <!-- java.lang.AssertionError -->
          <reporter-output>
          </reporter-output>
        </test-method> <!-- runScenario -->
        <test-method signature="runScenario(io.cucumber.testng.PickleWrapper,io.cucumber.testng.FeatureWrapper)[pri:0, instance:test_runner_team08.TestRunner@4007f65e]" started-at="2024-03-31T20:59:58 EDT" name="runScenario" description="Runs Cucumber Scenarios" data-provider="scenarios" finished-at="2024-03-31T20:59:58 EDT" duration-ms="137" status="PASS">
          <params>
            <param index="0">
              <value>
                <![CDATA["Check if admin able to create a new Admin with request body without authorization"]]>
              </value>
            </param>
            <param index="1">
              <value>
                <![CDATA["User Module"]]>
              </value>
            </param>
          </params>
          <reporter-output>
          </reporter-output>
        </test-method> <!-- runScenario -->
        <test-method signature="runScenario(io.cucumber.testng.PickleWrapper,io.cucumber.testng.FeatureWrapper)[pri:0, instance:test_runner_team08.TestRunner@4007f65e]" started-at="2024-03-31T20:59:58 EDT" name="runScenario" description="Runs Cucumber Scenarios" data-provider="scenarios" finished-at="2024-03-31T20:59:58 EDT" duration-ms="316" status="PASS">
          <params>
            <param index="0">
              <value>
                <![CDATA["Check if admin is able to retreive all the available roles with Authorization"]]>
              </value>
            </param>
            <param index="1">
              <value>
                <![CDATA["User Module"]]>
              </value>
            </param>
          </params>
          <reporter-output>
          </reporter-output>
        </test-method> <!-- runScenario -->
        <test-method signature="runScenario(io.cucumber.testng.PickleWrapper,io.cucumber.testng.FeatureWrapper)[pri:0, instance:test_runner_team08.TestRunner@4007f65e]" started-at="2024-03-31T20:59:58 EDT" name="runScenario" description="Runs Cucumber Scenarios" data-provider="scenarios" finished-at="2024-03-31T20:59:58 EDT" duration-ms="123" status="PASS">
          <params>
            <param index="0">
              <value>
                <![CDATA["Check if admin is able to retreive all the available roles without Authorization"]]>
              </value>
            </param>
            <param index="1">
              <value>
                <![CDATA["User Module"]]>
              </value>
            </param>
          </params>
          <reporter-output>
          </reporter-output>
        </test-method> <!-- runScenario -->
        <test-method signature="runScenario(io.cucumber.testng.PickleWrapper,io.cucumber.testng.FeatureWrapper)[pri:0, instance:test_runner_team08.TestRunner@4007f65e]" started-at="2024-03-31T20:59:58 EDT" name="runScenario" description="Runs Cucumber Scenarios" data-provider="scenarios" finished-at="2024-03-31T20:59:58 EDT" duration-ms="228" status="PASS">
          <params>
            <param index="0">
              <value>
                <![CDATA["Check if admin is able to retreive all the available roles with invalid End point"]]>
              </value>
            </param>
            <param index="1">
              <value>
                <![CDATA["User Module"]]>
              </value>
            </param>
          </params>
          <reporter-output>
          </reporter-output>
        </test-method> <!-- runScenario -->
        <test-method signature="runScenario(io.cucumber.testng.PickleWrapper,io.cucumber.testng.FeatureWrapper)[pri:0, instance:test_runner_team08.TestRunner@4007f65e]" started-at="2024-03-31T20:59:58 EDT" name="runScenario" description="Runs Cucumber Scenarios" data-provider="scenarios" finished-at="2024-03-31T20:59:59 EDT" duration-ms="368" status="PASS">
          <params>
            <param index="0">
              <value>
                <![CDATA["Check if admin able to retrieve all Admin with valid endpoint"]]>
              </value>
            </param>
            <param index="1">
              <value>
                <![CDATA["User Module"]]>
              </value>
            </param>
          </params>
          <reporter-output>
          </reporter-output>
        </test-method> <!-- runScenario -->
        <test-method signature="runScenario(io.cucumber.testng.PickleWrapper,io.cucumber.testng.FeatureWrapper)[pri:0, instance:test_runner_team08.TestRunner@4007f65e]" started-at="2024-03-31T20:59:59 EDT" name="runScenario" description="Runs Cucumber Scenarios" data-provider="scenarios" finished-at="2024-03-31T20:59:59 EDT" duration-ms="141" status="PASS">
          <params>
            <param index="0">
              <value>
                <![CDATA["Check if admin is able to retreive all the available Admin without Authorization"]]>
              </value>
            </param>
            <param index="1">
              <value>
                <![CDATA["User Module"]]>
              </value>
            </param>
          </params>
          <reporter-output>
          </reporter-output>
        </test-method> <!-- runScenario -->
        <test-method signature="runScenario(io.cucumber.testng.PickleWrapper,io.cucumber.testng.FeatureWrapper)[pri:0, instance:test_runner_team08.TestRunner@4007f65e]" started-at="2024-03-31T20:59:59 EDT" name="runScenario" description="Runs Cucumber Scenarios" data-provider="scenarios" finished-at="2024-03-31T20:59:59 EDT" duration-ms="121" status="PASS">
          <params>
            <param index="0">
              <value>
                <![CDATA["Check if admin is able to retreive all the available Admin with invalid End point"]]>
              </value>
            </param>
            <param index="1">
              <value>
                <![CDATA["User Module"]]>
              </value>
            </param>
          </params>
          <reporter-output>
          </reporter-output>
        </test-method> <!-- runScenario -->
        <test-method signature="runScenario(io.cucumber.testng.PickleWrapper,io.cucumber.testng.FeatureWrapper)[pri:0, instance:test_runner_team08.TestRunner@4007f65e]" started-at="2024-03-31T20:59:59 EDT" name="runScenario" description="Runs Cucumber Scenarios" data-provider="scenarios" finished-at="2024-03-31T20:59:59 EDT" duration-ms="134" status="PASS">
          <params>
            <param index="0">
              <value>
                <![CDATA["Check if admin able to retrieve a Admin with valid Admin ID"]]>
              </value>
            </param>
            <param index="1">
              <value>
                <![CDATA["User Module"]]>
              </value>
            </param>
          </params>
          <reporter-output>
          </reporter-output>
        </test-method> <!-- runScenario -->
        <test-method signature="runScenario(io.cucumber.testng.PickleWrapper,io.cucumber.testng.FeatureWrapper)[pri:0, instance:test_runner_team08.TestRunner@4007f65e]" started-at="2024-03-31T20:59:59 EDT" name="runScenario" description="Runs Cucumber Scenarios" data-provider="scenarios" finished-at="2024-03-31T20:59:59 EDT" duration-ms="121" status="PASS">
          <params>
            <param index="0">
              <value>
                <![CDATA["Check if admin able to retrieve a Admin with valid Admin ID and invalid endpoint"]]>
              </value>
            </param>
            <param index="1">
              <value>
                <![CDATA["User Module"]]>
              </value>
            </param>
          </params>
          <reporter-output>
          </reporter-output>
        </test-method> <!-- runScenario -->
        <test-method signature="runScenario(io.cucumber.testng.PickleWrapper,io.cucumber.testng.FeatureWrapper)[pri:0, instance:test_runner_team08.TestRunner@4007f65e]" started-at="2024-03-31T20:59:59 EDT" name="runScenario" description="Runs Cucumber Scenarios" data-provider="scenarios" finished-at="2024-03-31T20:59:59 EDT" duration-ms="140" status="PASS">
          <params>
            <param index="0">
              <value>
                <![CDATA["Check if admin is able to retreive Admin with valid Admin ID without Authorization"]]>
              </value>
            </param>
            <param index="1">
              <value>
                <![CDATA["User Module"]]>
              </value>
            </param>
          </params>
          <reporter-output>
          </reporter-output>
        </test-method> <!-- runScenario -->
        <test-method signature="runScenario(io.cucumber.testng.PickleWrapper,io.cucumber.testng.FeatureWrapper)[pri:0, instance:test_runner_team08.TestRunner@4007f65e]" started-at="2024-03-31T20:59:59 EDT" name="runScenario" description="Runs Cucumber Scenarios" data-provider="scenarios" finished-at="2024-03-31T20:59:59 EDT" duration-ms="120" status="PASS">
          <params>
            <param index="0">
              <value>
                <![CDATA["Check if admin able to retrieve a Admin with Invalid Admin ID"]]>
              </value>
            </param>
            <param index="1">
              <value>
                <![CDATA["User Module"]]>
              </value>
            </param>
          </params>
          <reporter-output>
          </reporter-output>
        </test-method> <!-- runScenario -->
        <test-method signature="runScenario(io.cucumber.testng.PickleWrapper,io.cucumber.testng.FeatureWrapper)[pri:0, instance:test_runner_team08.TestRunner@4007f65e]" started-at="2024-03-31T20:59:59 EDT" name="runScenario" description="Runs Cucumber Scenarios" data-provider="scenarios" finished-at="2024-03-31T21:00:00 EDT" duration-ms="209" status="PASS">
          <params>
            <param index="0">
              <value>
                <![CDATA["Check if admin able to retrieve all active Admins"]]>
              </value>
            </param>
            <param index="1">
              <value>
                <![CDATA["User Module"]]>
              </value>
            </param>
          </params>
          <reporter-output>
          </reporter-output>
        </test-method> <!-- runScenario -->
        <test-method signature="runScenario(io.cucumber.testng.PickleWrapper,io.cucumber.testng.FeatureWrapper)[pri:0, instance:test_runner_team08.TestRunner@4007f65e]" started-at="2024-03-31T21:00:00 EDT" name="runScenario" description="Runs Cucumber Scenarios" data-provider="scenarios" finished-at="2024-03-31T21:00:00 EDT" duration-ms="120" status="PASS">
          <params>
            <param index="0">
              <value>
                <![CDATA["Check if admin is able to retreive all active Admins without Authorization"]]>
              </value>
            </param>
            <param index="1">
              <value>
                <![CDATA["User Module"]]>
              </value>
            </param>
          </params>
          <reporter-output>
          </reporter-output>
        </test-method> <!-- runScenario -->
        <test-method signature="runScenario(io.cucumber.testng.PickleWrapper,io.cucumber.testng.FeatureWrapper)[pri:0, instance:test_runner_team08.TestRunner@4007f65e]" started-at="2024-03-31T21:00:00 EDT" name="runScenario" description="Runs Cucumber Scenarios" data-provider="scenarios" finished-at="2024-03-31T21:00:00 EDT" duration-ms="131" status="PASS">
          <params>
            <param index="0">
              <value>
                <![CDATA["Check if admin able to retrieve all active Admins with invalid endpoint"]]>
              </value>
            </param>
            <param index="1">
              <value>
                <![CDATA["User Module"]]>
              </value>
            </param>
          </params>
          <reporter-output>
          </reporter-output>
        </test-method> <!-- runScenario -->
        <test-method signature="runScenario(io.cucumber.testng.PickleWrapper,io.cucumber.testng.FeatureWrapper)[pri:0, instance:test_runner_team08.TestRunner@4007f65e]" started-at="2024-03-31T21:00:00 EDT" name="runScenario" description="Runs Cucumber Scenarios" data-provider="scenarios" finished-at="2024-03-31T21:00:00 EDT" duration-ms="127" status="PASS">
          <params>
            <param index="0">
              <value>
                <![CDATA["Check if admin is able to get count of active and inactive Admins"]]>
              </value>
            </param>
            <param index="1">
              <value>
                <![CDATA["User Module"]]>
              </value>
            </param>
          </params>
          <reporter-output>
          </reporter-output>
        </test-method> <!-- runScenario -->
        <test-method signature="runScenario(io.cucumber.testng.PickleWrapper,io.cucumber.testng.FeatureWrapper)[pri:0, instance:test_runner_team08.TestRunner@4007f65e]" started-at="2024-03-31T21:00:00 EDT" name="runScenario" description="Runs Cucumber Scenarios" data-provider="scenarios" finished-at="2024-03-31T21:00:00 EDT" duration-ms="125" status="PASS">
          <params>
            <param index="0">
              <value>
                <![CDATA["Check if admin is able to get count of active and inactive Admins without Authorization"]]>
              </value>
            </param>
            <param index="1">
              <value>
                <![CDATA["User Module"]]>
              </value>
            </param>
          </params>
          <reporter-output>
          </reporter-output>
        </test-method> <!-- runScenario -->
        <test-method signature="runScenario(io.cucumber.testng.PickleWrapper,io.cucumber.testng.FeatureWrapper)[pri:0, instance:test_runner_team08.TestRunner@4007f65e]" started-at="2024-03-31T21:00:00 EDT" name="runScenario" description="Runs Cucumber Scenarios" data-provider="scenarios" finished-at="2024-03-31T21:00:00 EDT" duration-ms="116" status="PASS">
          <params>
            <param index="0">
              <value>
                <![CDATA["Check if admin able to get count of active and inactive Admins with invalid endpoint"]]>
              </value>
            </param>
            <param index="1">
              <value>
                <![CDATA["User Module"]]>
              </value>
            </param>
          </params>
          <reporter-output>
          </reporter-output>
        </test-method> <!-- runScenario -->
        <test-method signature="runScenario(io.cucumber.testng.PickleWrapper,io.cucumber.testng.FeatureWrapper)[pri:0, instance:test_runner_team08.TestRunner@4007f65e]" started-at="2024-03-31T21:00:00 EDT" name="runScenario" description="Runs Cucumber Scenarios" data-provider="scenarios" finished-at="2024-03-31T21:00:00 EDT" duration-ms="146" status="PASS">
          <params>
            <param index="0">
              <value>
                <![CDATA["Check if admin is able to get count of active and inactive Admins"]]>
              </value>
            </param>
            <param index="1">
              <value>
                <![CDATA["User Module"]]>
              </value>
            </param>
          </params>
          <reporter-output>
          </reporter-output>
        </test-method> <!-- runScenario -->
        <test-method signature="runScenario(io.cucumber.testng.PickleWrapper,io.cucumber.testng.FeatureWrapper)[pri:0, instance:test_runner_team08.TestRunner@4007f65e]" started-at="2024-03-31T21:00:00 EDT" name="runScenario" description="Runs Cucumber Scenarios" data-provider="scenarios" finished-at="2024-03-31T21:00:01 EDT" duration-ms="126" status="PASS">
          <params>
            <param index="0">
              <value>
                <![CDATA["Check if admin is able to get count of active and inactive Admins"]]>
              </value>
            </param>
            <param index="1">
              <value>
                <![CDATA["User Module"]]>
              </value>
            </param>
          </params>
          <reporter-output>
          </reporter-output>
        </test-method> <!-- runScenario -->
        <test-method signature="runScenario(io.cucumber.testng.PickleWrapper,io.cucumber.testng.FeatureWrapper)[pri:0, instance:test_runner_team08.TestRunner@4007f65e]" started-at="2024-03-31T21:00:01 EDT" name="runScenario" description="Runs Cucumber Scenarios" data-provider="scenarios" finished-at="2024-03-31T21:00:01 EDT" duration-ms="126" status="PASS">
          <params>
            <param index="0">
              <value>
                <![CDATA["Check if admin is able to get count of active and inactive Admins"]]>
              </value>
            </param>
            <param index="1">
              <value>
                <![CDATA["User Module"]]>
              </value>
            </param>
          </params>
          <reporter-output>
          </reporter-output>
        </test-method> <!-- runScenario -->
        <test-method signature="runScenario(io.cucumber.testng.PickleWrapper,io.cucumber.testng.FeatureWrapper)[pri:0, instance:test_runner_team08.TestRunner@4007f65e]" started-at="2024-03-31T21:00:01 EDT" name="runScenario" description="Runs Cucumber Scenarios" data-provider="scenarios" finished-at="2024-03-31T21:00:01 EDT" duration-ms="120" status="PASS">
          <params>
            <param index="0">
              <value>
                <![CDATA["Check if admin is able to get count of active and inactive Admins by invalid role ID"]]>
              </value>
            </param>
            <param index="1">
              <value>
                <![CDATA["User Module"]]>
              </value>
            </param>
          </params>
          <reporter-output>
          </reporter-output>
        </test-method> <!-- runScenario -->
        <test-method signature="runScenario(io.cucumber.testng.PickleWrapper,io.cucumber.testng.FeatureWrapper)[pri:0, instance:test_runner_team08.TestRunner@4007f65e]" started-at="2024-03-31T21:00:01 EDT" name="runScenario" description="Runs Cucumber Scenarios" data-provider="scenarios" finished-at="2024-03-31T21:00:01 EDT" duration-ms="140" status="PASS">
          <params>
            <param index="0">
              <value>
                <![CDATA["Check if admin is able to get the Admins by program batches for valid batch ID"]]>
              </value>
            </param>
            <param index="1">
              <value>
                <![CDATA["User Module"]]>
              </value>
            </param>
          </params>
          <reporter-output>
          </reporter-output>
        </test-method> <!-- runScenario -->
        <test-method signature="runScenario(io.cucumber.testng.PickleWrapper,io.cucumber.testng.FeatureWrapper)[pri:0, instance:test_runner_team08.TestRunner@4007f65e]" started-at="2024-03-31T21:00:01 EDT" name="runScenario" description="Runs Cucumber Scenarios" data-provider="scenarios" finished-at="2024-03-31T21:00:01 EDT" duration-ms="130" status="PASS">
          <params>
            <param index="0">
              <value>
                <![CDATA["Check if admin is able to get the Admins by program batches for invalid batch ID"]]>
              </value>
            </param>
            <param index="1">
              <value>
                <![CDATA["User Module"]]>
              </value>
            </param>
          </params>
          <reporter-output>
          </reporter-output>
        </test-method> <!-- runScenario -->
        <test-method signature="runScenario(io.cucumber.testng.PickleWrapper,io.cucumber.testng.FeatureWrapper)[pri:0, instance:test_runner_team08.TestRunner@4007f65e]" started-at="2024-03-31T21:00:01 EDT" name="runScenario" description="Runs Cucumber Scenarios" data-provider="scenarios" finished-at="2024-03-31T21:00:01 EDT" duration-ms="131" status="PASS">
          <params>
            <param index="0">
              <value>
                <![CDATA["Check if admin is able to get the Admins by program batches for valid batch ID without Authorization"]]>
              </value>
            </param>
            <param index="1">
              <value>
                <![CDATA["User Module"]]>
              </value>
            </param>
          </params>
          <reporter-output>
          </reporter-output>
        </test-method> <!-- runScenario -->
        <test-method signature="runScenario(io.cucumber.testng.PickleWrapper,io.cucumber.testng.FeatureWrapper)[pri:0, instance:test_runner_team08.TestRunner@4007f65e]" started-at="2024-03-31T21:00:01 EDT" name="runScenario" description="Runs Cucumber Scenarios" data-provider="scenarios" finished-at="2024-03-31T21:00:01 EDT" duration-ms="131" status="PASS">
          <params>
            <param index="0">
              <value>
                <![CDATA["Check if admin able to get the Admins by program batches with invalid endpoint"]]>
              </value>
            </param>
            <param index="1">
              <value>
                <![CDATA["User Module"]]>
              </value>
            </param>
          </params>
          <reporter-output>
          </reporter-output>
        </test-method> <!-- runScenario -->
        <test-method signature="runScenario(io.cucumber.testng.PickleWrapper,io.cucumber.testng.FeatureWrapper)[pri:0, instance:test_runner_team08.TestRunner@4007f65e]" started-at="2024-03-31T21:00:01 EDT" name="runScenario" description="Runs Cucumber Scenarios" data-provider="scenarios" finished-at="2024-03-31T21:00:01 EDT" duration-ms="124" status="PASS">
          <params>
            <param index="0">
              <value>
                <![CDATA["Check if admin is able to get the Admins for valid program Id"]]>
              </value>
            </param>
            <param index="1">
              <value>
                <![CDATA["User Module"]]>
              </value>
            </param>
          </params>
          <reporter-output>
          </reporter-output>
        </test-method> <!-- runScenario -->
        <test-method signature="runScenario(io.cucumber.testng.PickleWrapper,io.cucumber.testng.FeatureWrapper)[pri:0, instance:test_runner_team08.TestRunner@4007f65e]" started-at="2024-03-31T21:00:01 EDT" name="runScenario" description="Runs Cucumber Scenarios" data-provider="scenarios" finished-at="2024-03-31T21:00:02 EDT" duration-ms="168" status="PASS">
          <params>
            <param index="0">
              <value>
                <![CDATA["Check if admin is able to get the Admins by program batches for invalid batch ID"]]>
              </value>
            </param>
            <param index="1">
              <value>
                <![CDATA["User Module"]]>
              </value>
            </param>
          </params>
          <reporter-output>
          </reporter-output>
        </test-method> <!-- runScenario -->
        <test-method signature="runScenario(io.cucumber.testng.PickleWrapper,io.cucumber.testng.FeatureWrapper)[pri:0, instance:test_runner_team08.TestRunner@4007f65e]" started-at="2024-03-31T21:00:02 EDT" name="runScenario" description="Runs Cucumber Scenarios" data-provider="scenarios" finished-at="2024-03-31T21:00:02 EDT" duration-ms="141" status="PASS">
          <params>
            <param index="0">
              <value>
                <![CDATA["Check if admin is able to get the Admins by program for valid program ID without Authorization"]]>
              </value>
            </param>
            <param index="1">
              <value>
                <![CDATA["User Module"]]>
              </value>
            </param>
          </params>
          <reporter-output>
          </reporter-output>
        </test-method> <!-- runScenario -->
        <test-method signature="runScenario(io.cucumber.testng.PickleWrapper,io.cucumber.testng.FeatureWrapper)[pri:0, instance:test_runner_team08.TestRunner@4007f65e]" started-at="2024-03-31T21:00:02 EDT" name="runScenario" description="Runs Cucumber Scenarios" data-provider="scenarios" finished-at="2024-03-31T21:00:02 EDT" duration-ms="174" status="PASS">
          <params>
            <param index="0">
              <value>
                <![CDATA["Check if admin able to get the Admins by program batches with invalid endpoint"]]>
              </value>
            </param>
            <param index="1">
              <value>
                <![CDATA["User Module"]]>
              </value>
            </param>
          </params>
          <reporter-output>
          </reporter-output>
        </test-method> <!-- runScenario -->
        <test-method signature="runScenario(io.cucumber.testng.PickleWrapper,io.cucumber.testng.FeatureWrapper)[pri:0, instance:test_runner_team08.TestRunner@4007f65e]" started-at="2024-03-31T21:00:02 EDT" name="runScenario" description="Runs Cucumber Scenarios" data-provider="scenarios" finished-at="2024-03-31T21:00:02 EDT" duration-ms="455" status="PASS">
          <params>
            <param index="0">
              <value>
                <![CDATA["Check if admin is able to retreive Admins by valid role ID"]]>
              </value>
            </param>
            <param index="1">
              <value>
                <![CDATA["User Module"]]>
              </value>
            </param>
          </params>
          <reporter-output>
          </reporter-output>
        </test-method> <!-- runScenario -->
        <test-method signature="runScenario(io.cucumber.testng.PickleWrapper,io.cucumber.testng.FeatureWrapper)[pri:0, instance:test_runner_team08.TestRunner@4007f65e]" started-at="2024-03-31T21:00:02 EDT" name="runScenario" description="Runs Cucumber Scenarios" data-provider="scenarios" finished-at="2024-03-31T21:00:03 EDT" duration-ms="143" status="PASS">
          <params>
            <param index="0">
              <value>
                <![CDATA["Check if admin is able to retreive Admins by Invalid role ID"]]>
              </value>
            </param>
            <param index="1">
              <value>
                <![CDATA["User Module"]]>
              </value>
            </param>
          </params>
          <reporter-output>
          </reporter-output>
        </test-method> <!-- runScenario -->
        <test-method signature="runScenario(io.cucumber.testng.PickleWrapper,io.cucumber.testng.FeatureWrapper)[pri:0, instance:test_runner_team08.TestRunner@4007f65e]" started-at="2024-03-31T21:00:03 EDT" name="runScenario" description="Runs Cucumber Scenarios" data-provider="scenarios" finished-at="2024-03-31T21:00:03 EDT" duration-ms="143" status="PASS">
          <params>
            <param index="0">
              <value>
                <![CDATA["heck if admin is able to retreive Admins by valid role ID without Authorization"]]>
              </value>
            </param>
            <param index="1">
              <value>
                <![CDATA["User Module"]]>
              </value>
            </param>
          </params>
          <reporter-output>
          </reporter-output>
        </test-method> <!-- runScenario -->
        <test-method signature="runScenario(io.cucumber.testng.PickleWrapper,io.cucumber.testng.FeatureWrapper)[pri:0, instance:test_runner_team08.TestRunner@4007f65e]" started-at="2024-03-31T21:00:03 EDT" name="runScenario" description="Runs Cucumber Scenarios" data-provider="scenarios" finished-at="2024-03-31T21:00:03 EDT" duration-ms="139" status="PASS">
          <params>
            <param index="0">
              <value>
                <![CDATA["Check if admin able to get the Admins by role with invalid endpoint"]]>
              </value>
            </param>
            <param index="1">
              <value>
                <![CDATA["User Module"]]>
              </value>
            </param>
          </params>
          <reporter-output>
          </reporter-output>
        </test-method> <!-- runScenario -->
        <test-method is-config="true" signature="tearDownClass()[pri:0, instance:test_runner_team08.TestRunner@4007f65e]" started-at="2024-03-31T21:00:03 EDT" name="tearDownClass" finished-at="2024-03-31T21:00:03 EDT" duration-ms="164" status="PASS">
          <reporter-output>
          </reporter-output>
        </test-method> <!-- tearDownClass -->
      </class> <!-- test_runner_team08.TestRunner -->
    </test> <!-- RestAssuredAPI Testing- LMS Project -->
  </suite> <!-- Dsalgo Suit -->
</testng-results>
