<?xml version="1.0" encoding="UTF-8"?>
<testng-results ignored="0" total="15" passed="15" failed="0" skipped="0">
  <reporter-output>
  </reporter-output>
  <suite started-at="2024-03-30T00:34:00 EDT" name="Default suite" finished-at="2024-03-30T00:34:06 EDT" duration-ms="6329">
    <groups>
      <group name="cucumber">
        <method signature="AbstractTestNGCucumberTests.runScenario(io.cucumber.testng.PickleWrapper,io.cucumber.testng.FeatureWrapper)[pri:0, instance:test_runner_team08.TestRunner@16d04d3d]" name="runScenario" class="io.cucumber.testng.AbstractTestNGCucumberTests"/>
      </group> <!-- cucumber -->
    </groups>
    <test started-at="2024-03-30T00:34:00 EDT" name="Default test" finished-at="2024-03-30T00:34:06 EDT" duration-ms="6329">
      <class name="test_runner_team08.TestRunner">
        <test-method is-config="true" signature="clearAllData()[pri:0, instance:test_runner_team08.TestRunner@16d04d3d]" started-at="2024-03-30T00:34:00 EDT" name="clearAllData" finished-at="2024-03-30T00:34:00 EDT" duration-ms="26" status="PASS">
          <reporter-output>
          </reporter-output>
        </test-method> <!-- clearAllData -->
        <test-method is-config="true" signature="setUpClass(org.testng.ITestContext)[pri:0, instance:test_runner_team08.TestRunner@16d04d3d]" started-at="2024-03-30T00:34:00 EDT" name="setUpClass" finished-at="2024-03-30T00:34:00 EDT" duration-ms="107" status="PASS">
          <params>
            <param index="0">
              <value>
                <![CDATA[org.testng.TestRunner@398694a6]]>
              </value>
            </param>
          </params>
          <reporter-output>
          </reporter-output>
        </test-method> <!-- setUpClass -->
        <test-method signature="runScenario(io.cucumber.testng.PickleWrapper,io.cucumber.testng.FeatureWrapper)[pri:0, instance:test_runner_team08.TestRunner@16d04d3d]" started-at="2024-03-30T00:34:00 EDT" name="runScenario" description="Runs Cucumber Scenarios" data-provider="scenarios" finished-at="2024-03-30T00:34:02 EDT" duration-ms="1828" status="PASS">
          <params>
            <param index="0">
              <value>
                <![CDATA["Check if Admin able to generate token with valid credential"]]>
              </value>
            </param>
            <param index="1">
              <value>
                <![CDATA["User Module"]]>
              </value>
            </param>
          </params>
          <reporter-output>
          </reporter-output>
        </test-method> <!-- runScenario -->
        <test-method signature="runScenario(io.cucumber.testng.PickleWrapper,io.cucumber.testng.FeatureWrapper)[pri:0, instance:test_runner_team08.TestRunner@16d04d3d]" started-at="2024-03-30T00:34:02 EDT" name="runScenario" description="Runs Cucumber Scenarios" data-provider="scenarios" finished-at="2024-03-30T00:34:02 EDT" duration-ms="571" status="PASS">
          <params>
            <param index="0">
              <value>
                <![CDATA["Check if admin is able to create a new Admin with valid endpoint and request body with mandatory fields"]]>
              </value>
            </param>
            <param index="1">
              <value>
                <![CDATA["User Module"]]>
              </value>
            </param>
          </params>
          <reporter-output>
          </reporter-output>
        </test-method> <!-- runScenario -->
        <test-method signature="runScenario(io.cucumber.testng.PickleWrapper,io.cucumber.testng.FeatureWrapper)[pri:0, instance:test_runner_team08.TestRunner@16d04d3d]" started-at="2024-03-30T00:34:02 EDT" name="runScenario" description="Runs Cucumber Scenarios" data-provider="scenarios" finished-at="2024-03-30T00:34:03 EDT" duration-ms="613" status="PASS">
          <params>
            <param index="0">
              <value>
                <![CDATA["Check if admin is able to create a new Admin with valid endpoint and request body with mandatory fields and Additional fields"]]>
              </value>
            </param>
            <param index="1">
              <value>
                <![CDATA["User Module"]]>
              </value>
            </param>
          </params>
          <reporter-output>
          </reporter-output>
        </test-method> <!-- runScenario -->
        <test-method signature="runScenario(io.cucumber.testng.PickleWrapper,io.cucumber.testng.FeatureWrapper)[pri:0, instance:test_runner_team08.TestRunner@16d04d3d]" started-at="2024-03-30T00:34:03 EDT" name="runScenario" description="Runs Cucumber Scenarios" data-provider="scenarios" finished-at="2024-03-30T00:34:03 EDT" duration-ms="560" status="PASS">
          <params>
            <param index="0">
              <value>
                <![CDATA["Check if admin is able to create a new Admin with valid endpoint and request body with mandatory fields and Additional fields"]]>
              </value>
            </param>
            <param index="1">
              <value>
                <![CDATA["User Module"]]>
              </value>
            </param>
          </params>
          <reporter-output>
          </reporter-output>
        </test-method> <!-- runScenario -->
        <test-method signature="runScenario(io.cucumber.testng.PickleWrapper,io.cucumber.testng.FeatureWrapper)[pri:0, instance:test_runner_team08.TestRunner@16d04d3d]" started-at="2024-03-30T00:34:03 EDT" name="runScenario" description="Runs Cucumber Scenarios" data-provider="scenarios" finished-at="2024-03-30T00:34:04 EDT" duration-ms="404" status="PASS">
          <params>
            <param index="0">
              <value>
                <![CDATA["Check if admin is able to retreive all the available roles with Authorization"]]>
              </value>
            </param>
            <param index="1">
              <value>
                <![CDATA["User Module"]]>
              </value>
            </param>
          </params>
          <reporter-output>
          </reporter-output>
        </test-method> <!-- runScenario -->
        <test-method signature="runScenario(io.cucumber.testng.PickleWrapper,io.cucumber.testng.FeatureWrapper)[pri:0, instance:test_runner_team08.TestRunner@16d04d3d]" started-at="2024-03-30T00:34:04 EDT" name="runScenario" description="Runs Cucumber Scenarios" data-provider="scenarios" finished-at="2024-03-30T00:34:04 EDT" duration-ms="636" status="PASS">
          <params>
            <param index="0">
              <value>
                <![CDATA["Check if admin able to retrieve all Admin with valid endpoint"]]>
              </value>
            </param>
            <param index="1">
              <value>
                <![CDATA["User Module"]]>
              </value>
            </param>
          </params>
          <reporter-output>
          </reporter-output>
        </test-method> <!-- runScenario -->
        <test-method signature="runScenario(io.cucumber.testng.PickleWrapper,io.cucumber.testng.FeatureWrapper)[pri:0, instance:test_runner_team08.TestRunner@16d04d3d]" started-at="2024-03-30T00:34:04 EDT" name="runScenario" description="Runs Cucumber Scenarios" data-provider="scenarios" finished-at="2024-03-30T00:34:05 EDT" duration-ms="126" status="PASS">
          <params>
            <param index="0">
              <value>
                <![CDATA["Check if admin able to retrieve a Admin with valid Admin ID"]]>
              </value>
            </param>
            <param index="1">
              <value>
                <![CDATA["User Module"]]>
              </value>
            </param>
          </params>
          <reporter-output>
          </reporter-output>
        </test-method> <!-- runScenario -->
        <test-method signature="runScenario(io.cucumber.testng.PickleWrapper,io.cucumber.testng.FeatureWrapper)[pri:0, instance:test_runner_team08.TestRunner@16d04d3d]" started-at="2024-03-30T00:34:05 EDT" name="runScenario" description="Runs Cucumber Scenarios" data-provider="scenarios" finished-at="2024-03-30T00:34:05 EDT" duration-ms="220" status="PASS">
          <params>
            <param index="0">
              <value>
                <![CDATA["Check if admin able to retrieve all active Admins"]]>
              </value>
            </param>
            <param index="1">
              <value>
                <![CDATA["User Module"]]>
              </value>
            </param>
          </params>
          <reporter-output>
          </reporter-output>
        </test-method> <!-- runScenario -->
        <test-method signature="runScenario(io.cucumber.testng.PickleWrapper,io.cucumber.testng.FeatureWrapper)[pri:0, instance:test_runner_team08.TestRunner@16d04d3d]" started-at="2024-03-30T00:34:05 EDT" name="runScenario" description="Runs Cucumber Scenarios" data-provider="scenarios" finished-at="2024-03-30T00:34:05 EDT" duration-ms="132" status="PASS">
          <params>
            <param index="0">
              <value>
                <![CDATA["Check if admin is able to get count of active and inactive Admins"]]>
              </value>
            </param>
            <param index="1">
              <value>
                <![CDATA["User Module"]]>
              </value>
            </param>
          </params>
          <reporter-output>
          </reporter-output>
        </test-method> <!-- runScenario -->
        <test-method signature="runScenario(io.cucumber.testng.PickleWrapper,io.cucumber.testng.FeatureWrapper)[pri:0, instance:test_runner_team08.TestRunner@16d04d3d]" started-at="2024-03-30T00:34:05 EDT" name="runScenario" description="Runs Cucumber Scenarios" data-provider="scenarios" finished-at="2024-03-30T00:34:05 EDT" duration-ms="129" status="PASS">
          <params>
            <param index="0">
              <value>
                <![CDATA["Check if admin is able to get count of active and inactive Admins"]]>
              </value>
            </param>
            <param index="1">
              <value>
                <![CDATA["User Module"]]>
              </value>
            </param>
          </params>
          <reporter-output>
          </reporter-output>
        </test-method> <!-- runScenario -->
        <test-method signature="runScenario(io.cucumber.testng.PickleWrapper,io.cucumber.testng.FeatureWrapper)[pri:0, instance:test_runner_team08.TestRunner@16d04d3d]" started-at="2024-03-30T00:34:05 EDT" name="runScenario" description="Runs Cucumber Scenarios" data-provider="scenarios" finished-at="2024-03-30T00:34:05 EDT" duration-ms="121" status="PASS">
          <params>
            <param index="0">
              <value>
                <![CDATA["Check if admin is able to get count of active and inactive Admins"]]>
              </value>
            </param>
            <param index="1">
              <value>
                <![CDATA["User Module"]]>
              </value>
            </param>
          </params>
          <reporter-output>
          </reporter-output>
        </test-method> <!-- runScenario -->
        <test-method signature="runScenario(io.cucumber.testng.PickleWrapper,io.cucumber.testng.FeatureWrapper)[pri:0, instance:test_runner_team08.TestRunner@16d04d3d]" started-at="2024-03-30T00:34:05 EDT" name="runScenario" description="Runs Cucumber Scenarios" data-provider="scenarios" finished-at="2024-03-30T00:34:05 EDT" duration-ms="178" status="PASS">
          <params>
            <param index="0">
              <value>
                <![CDATA["Check if admin is able to get count of active and inactive Admins"]]>
              </value>
            </param>
            <param index="1">
              <value>
                <![CDATA["User Module"]]>
              </value>
            </param>
          </params>
          <reporter-output>
          </reporter-output>
        </test-method> <!-- runScenario -->
        <test-method signature="runScenario(io.cucumber.testng.PickleWrapper,io.cucumber.testng.FeatureWrapper)[pri:0, instance:test_runner_team08.TestRunner@16d04d3d]" started-at="2024-03-30T00:34:05 EDT" name="runScenario" description="Runs Cucumber Scenarios" data-provider="scenarios" finished-at="2024-03-30T00:34:06 EDT" duration-ms="135" status="PASS">
          <params>
            <param index="0">
              <value>
                <![CDATA["Check if admin is able to get the Admins by program batches for valid batch ID"]]>
              </value>
            </param>
            <param index="1">
              <value>
                <![CDATA["User Module"]]>
              </value>
            </param>
          </params>
          <reporter-output>
          </reporter-output>
        </test-method> <!-- runScenario -->
        <test-method signature="runScenario(io.cucumber.testng.PickleWrapper,io.cucumber.testng.FeatureWrapper)[pri:0, instance:test_runner_team08.TestRunner@16d04d3d]" started-at="2024-03-30T00:34:06 EDT" name="runScenario" description="Runs Cucumber Scenarios" data-provider="scenarios" finished-at="2024-03-30T00:34:06 EDT" duration-ms="120" status="PASS">
          <params>
            <param index="0">
              <value>
                <![CDATA["Check if admin is able to get the Admins for valid program Id"]]>
              </value>
            </param>
            <param index="1">
              <value>
                <![CDATA["User Module"]]>
              </value>
            </param>
          </params>
          <reporter-output>
          </reporter-output>
        </test-method> <!-- runScenario -->
        <test-method signature="runScenario(io.cucumber.testng.PickleWrapper,io.cucumber.testng.FeatureWrapper)[pri:0, instance:test_runner_team08.TestRunner@16d04d3d]" started-at="2024-03-30T00:34:06 EDT" name="runScenario" description="Runs Cucumber Scenarios" data-provider="scenarios" finished-at="2024-03-30T00:34:06 EDT" duration-ms="392" status="PASS">
          <params>
            <param index="0">
              <value>
                <![CDATA["Check if admin is able to retreive Admins by valid role ID"]]>
              </value>
            </param>
            <param index="1">
              <value>
                <![CDATA["User Module"]]>
              </value>
            </param>
          </params>
          <reporter-output>
          </reporter-output>
        </test-method> <!-- runScenario -->
        <test-method is-config="true" signature="tearDownClass()[pri:0, instance:test_runner_team08.TestRunner@16d04d3d]" started-at="2024-03-30T00:34:06 EDT" name="tearDownClass" finished-at="2024-03-30T00:34:06 EDT" duration-ms="1" status="PASS">
          <reporter-output>
          </reporter-output>
        </test-method> <!-- tearDownClass -->
      </class> <!-- test_runner_team08.TestRunner -->
    </test> <!-- Default test -->
  </suite> <!-- Default suite -->
</testng-results>
